<?xml version="1.0" encoding="UTF-8" ?>
<testsuite tests="23" failures="0" name="pl.luxoft.SudokuTest" time="0.114" errors="0" skipped="0">
  <properties>
    <property name="java.runtime.name" value="Java(TM) SE Runtime Environment"/>
    <property name="sun.boot.library.path" value="D:\Programs\Java\jdk1.8.0_251\jre\bin"/>
    <property name="java.vm.version" value="25.251-b08"/>
    <property name="exec.mainClass" value="pl.luxoft.SudokuMain"/>
    <property name="java.vm.vendor" value="Oracle Corporation"/>
    <property name="maven.multiModuleProjectDirectory" value="D:\java\workspaceLibro\sudoku"/>
    <property name="java.vendor.url" value="http://java.oracle.com/"/>
    <property name="path.separator" value=";"/>
    <property name="guice.disable.misplaced.annotation.check" value="true"/>
    <property name="java.vm.name" value="Java HotSpot(TM) 64-Bit Server VM"/>
    <property name="file.encoding.pkg" value="sun.io"/>
    <property name="user.script" value=""/>
    <property name="user.country" value="CL"/>
    <property name="sun.java.launcher" value="SUN_STANDARD"/>
    <property name="sun.os.patch.level" value=""/>
    <property name="java.vm.specification.name" value="Java Virtual Machine Specification"/>
    <property name="user.dir" value="D:\java\workspaceLibro\sudoku"/>
    <property name="java.runtime.version" value="1.8.0_251-b08"/>
    <property name="java.awt.graphicsenv" value="sun.awt.Win32GraphicsEnvironment"/>
    <property name="java.endorsed.dirs" value="D:\Programs\Java\jdk1.8.0_251\jre\lib\endorsed"/>
    <property name="os.arch" value="amd64"/>
    <property name="java.io.tmpdir" value="C:\Users\kefre\AppData\Local\Temp\"/>
    <property name="line.separator" value="
"/>
    <property name="java.vm.specification.vendor" value="Oracle Corporation"/>
    <property name="user.variant" value=""/>
    <property name="os.name" value="Windows 10"/>
    <property name="classworlds.conf" value="D:\apache-maven-3.6.3\bin\..\bin\m2.conf"/>
    <property name="sun.jnu.encoding" value="Cp1252"/>
    <property name="java.library.path" value="D:\Programs\Java\jdk1.8.0_251\bin;C:\Windows\Sun\Java\bin;C:\Windows\system32;C:\Windows;D:\oracle\bin;D:\Programs\Common Files\Oracle\Java\javapath;D:\Programs (x86)\Common Files\Oracle\Java\javapath;C:\Windows\system32;C:\Windows;C:\Windows\System32\Wbem;C:\Windows\System32\WindowsPowerShell\v1.0\;C:\Windows\System32\OpenSSH\;C:\Users\kefre\AppData\Local\Android\Sdk;C:\ProgramData\chocolatey\bin;D:\Programs\nodejs\;D:\Programs\heroku\bin;D:\Programs\PostgreSQL\11\bin;D:\groovy-3.0.7\bin;D:\gradle-6.8.2\bin;D:\apache-maven-3.6.3\bin;D:\Programs\CMake\bin;D:\swigwin-4.0.2\Lib;D:\Programs\Java\jdk1.8.0_251\bin;D:\Programs\Java\jre1.8.0_251\bin;C:\Program Files\Git\cmd;C:\Program Files (x86)\HP\Common\HPDestPlgIn\;C:\Program Files (x86)\Python\Python38-32\Scripts\;C:\Program Files (x86)\Python\Python38-32\;C:\Users\kefre\AppData\Local\Microsoft\WindowsApps;C:\Users\kefre\AppData\Local\Android\Sdk;D:\flutter\sdk\flutter\bin;C:\Users\kefre\go\bin;C:\Users\kefre\.local\bin;C:\Users\kefre\AppData\Roaming\Python\Python38\Scripts;C:\Users\kefre\AppData\Local\GitHubDesktop\bin;C:\Users\kefre\AppData\Roaming\npm;D:\Programs\heroku\bin;D:\Programs\PostgreSQL\11\bin;D:\groovy-3.0.7\bin;D:\gradle-6.8.2\bin;D:\apache-maven-3.6.3\bin;D:\swigwin-4.0.2;D:\Programs\Java\jdk1.8.0_251\bin;D:\Programs\Fiddler;D:\Programs\Java\jre1.8.0_251\bin;C:\Users\kefre\AppData\Local\Programs\Microsoft VS Code\bin;C:\Users\kefre\AppData\Local\JetBrains\Toolbox\scripts;C:\Program Files (x86)\HP\Common\HPDestPlgIn\;."/>
    <property name="maven.conf" value="D:\apache-maven-3.6.3\bin\../conf"/>
    <property name="java.specification.name" value="Java Platform API Specification"/>
    <property name="java.class.version" value="52.0"/>
    <property name="sun.management.compiler" value="HotSpot 64-Bit Tiered Compilers"/>
    <property name="os.version" value="10.0"/>
    <property name="library.jansi.path" value="D:\apache-maven-3.6.3\bin\..\lib\jansi-native"/>
    <property name="user.home" value="C:\Users\kefre"/>
    <property name="user.timezone" value="Africa/Luanda"/>
    <property name="java.awt.printerjob" value="sun.awt.windows.WPrinterJob"/>
    <property name="java.specification.version" value="1.8"/>
    <property name="file.encoding" value="Cp1252"/>
    <property name="user.name" value="kefre"/>
    <property name="java.class.path" value="D:\apache-maven-3.6.3\bin\..\boot\plexus-classworlds-2.6.0.jar"/>
    <property name="org.slf4j.simpleLogger.defaultLogLevel" value="error"/>
    <property name="java.vm.specification.version" value="1.8"/>
    <property name="sun.arch.data.model" value="64"/>
    <property name="java.home" value="D:\Programs\Java\jdk1.8.0_251\jre"/>
    <property name="sun.java.command" value="org.codehaus.plexus.classworlds.launcher.Launcher clean package -q exec:java -Dexec.mainClass=pl.luxoft.SudokuMain -Dexec.args="/>
    <property name="java.specification.vendor" value="Oracle Corporation"/>
    <property name="user.language" value="es"/>
    <property name="awt.toolkit" value="sun.awt.windows.WToolkit"/>
    <property name="java.vm.info" value="mixed mode"/>
    <property name="java.version" value="1.8.0_251"/>
    <property name="java.ext.dirs" value="D:\Programs\Java\jdk1.8.0_251\jre\lib\ext;C:\Windows\Sun\Java\lib\ext"/>
    <property name="sun.boot.class.path" value="D:\Programs\Java\jdk1.8.0_251\jre\lib\resources.jar;D:\Programs\Java\jdk1.8.0_251\jre\lib\rt.jar;D:\Programs\Java\jdk1.8.0_251\jre\lib\sunrsasign.jar;D:\Programs\Java\jdk1.8.0_251\jre\lib\jsse.jar;D:\Programs\Java\jdk1.8.0_251\jre\lib\jce.jar;D:\Programs\Java\jdk1.8.0_251\jre\lib\charsets.jar;D:\Programs\Java\jdk1.8.0_251\jre\lib\jfr.jar;D:\Programs\Java\jdk1.8.0_251\jre\classes"/>
    <property name="sun.stderr.encoding" value="cp850"/>
    <property name="java.vendor" value="Oracle Corporation"/>
    <property name="maven.home" value="D:\apache-maven-3.6.3\bin\.."/>
    <property name="file.separator" value="\"/>
    <property name="java.vendor.url.bug" value="http://bugreport.sun.com/bugreport/"/>
    <property name="sun.cpu.endian" value="little"/>
    <property name="sun.io.unicode.encoding" value="UnicodeLittle"/>
    <property name="sun.stdout.encoding" value="cp850"/>
    <property name="sun.desktop" value="windows"/>
    <property name="exec.args" value=""/>
    <property name="sun.cpu.isalist" value="amd64"/>
  </properties>
  <testcase classname="pl.luxoft.SudokuTest" name="pl.luxoft.SudokuTest.testValidSudoku" time="0.084"/>
  <testcase classname="pl.luxoft.SudokuTest" name="pl.luxoft.SudokuTest.testReadAndGetFile" time="0"/>
  <testcase classname="pl.luxoft.SudokuTest" name="pl.luxoft.SudokuTest.testReadFileDoesntExists" time="0.004"/>
  <testcase classname="pl.luxoft.SudokuTest" name="pl.luxoft.SudokuTest.testValidateFileHasData" time="0.001"/>
  <testcase classname="pl.luxoft.SudokuTest" name="pl.luxoft.SudokuTest.testValidateFileHasntData" time="0.001"/>
  <testcase classname="pl.luxoft.SudokuTest" name="pl.luxoft.SudokuTest.testRowHasRepeatedNumbers" time="0.001"/>
  <testcase classname="pl.luxoft.SudokuTest" name="pl.luxoft.SudokuTest.testRowHasntRepeatedNumbers" time="0.002"/>
  <testcase classname="pl.luxoft.SudokuTest" name="pl.luxoft.SudokuTest.testGetSudokuRowByIndex" time="0.001"/>
  <testcase classname="pl.luxoft.SudokuTest" name="pl.luxoft.SudokuTest.testGetSudokuColumnByIndex" time="0.002"/>
  <testcase classname="pl.luxoft.SudokuTest" name="pl.luxoft.SudokuTest.testValidateFileHasnt9Columns" time="0.002"/>
  <testcase classname="pl.luxoft.SudokuTest" name="pl.luxoft.SudokuTest.testValidateFileHas9Rows" time="0.001"/>
  <testcase classname="pl.luxoft.SudokuTest" name="pl.luxoft.SudokuTest.testValidate3x3Square" time="0.001"/>
  <testcase classname="pl.luxoft.SudokuTest" name="pl.luxoft.SudokuTest.testValidateFileHasnt9Rows" time="0.001"/>
  <testcase classname="pl.luxoft.SudokuTest" name="pl.luxoft.SudokuTest.testInvalid3x3Square" time="0.002"/>
  <testcase classname="pl.luxoft.SudokuTest" name="pl.luxoft.SudokuTest.testColumnHasRepeatedNumbers" time="0.002"/>
  <testcase classname="pl.luxoft.SudokuTest" name="pl.luxoft.SudokuTest.testColumnHasntRepeatedNumbers" time="0.001"/>
  <testcase classname="pl.luxoft.SudokuTest" name="pl.luxoft.SudokuTest.testInvalidSudoku" time="0.002"/>
  <testcase classname="pl.luxoft.SudokuTest" name="pl.luxoft.SudokuTest.testValidateFileHas9Columns" time="0.001"/>
  <testcase classname="pl.luxoft.SudokuTest" name="pl.luxoft.SudokuTest.testIfRowDataFromFileAreJustNumbersAndCommas" time="0.001"/>
  <testcase classname="pl.luxoft.SudokuTest" name="pl.luxoft.SudokuTest.testConvertDataToListOfListInteger" time="0.001"/>
  <testcase classname="pl.luxoft.SudokuTest" name="pl.luxoft.SudokuTest.testReadAndGetFileWhenPathIsEmpty" time="0.001"/>
  <testcase classname="pl.luxoft.SudokuTest" name="pl.luxoft.SudokuTest.testIfRowDataFromFileArentNumbersAndCommas" time="0.001"/>
  <testcase classname="pl.luxoft.SudokuTest" name="pl.luxoft.SudokuTest.testInvalid3x3SquareNumbersNotAllowed" time="0.001"/>
</testsuite>